BaiduPCS check

当前目录: /kila
----
  #  文件大小       修改日期               文件(目录)         
  0         -  2021-05-12 21:49:07  chia-blockchian/          
  1         -  2021-05-10 17:08:44  kila/                     
       总: 0B                       文件总数: 0, 目录总数: 2  
----

May 12, 2021 11:21:41 PM io.vertx.core.impl.launcher.commands.VertxIsolatedDeployer
INFO: Succeeded in deploying verticle
Listen at 2325
bacb5269-5353-4bbb-823e-286175e636f4
Connect
[List] index:1
1072
[List] index:2
1072
[Read] uuid:bacb5269-5353-4bbb-823e-286175e636f4 offset:0 size:8191
[0] /kila/kila/bacb5269-5353-4bbb-823e-286175e636f400: 
  #                                                                                                                                                                                                                                                                                                                                                                                                                                                                                                                                                                                                                                 链接                                                                                                                                                                                                                                                                                                                                                                                                                                                                                                                                                                                                                                 
  0  https://bjbgp01.baidupcs.com/file/ad2896e50i643e3a2baee9d274cf9742?bkt=en-cf7b18a7c51d9078226c3dea28c03717063375cb5888545ba226988ccb8c13e1f0e50db5d169ac89&fid=1143289558-250528-358540491795825&time=1620832961&sign=FDTAXUbGERQlBHSKfWaqi-DCb740ccc5511e5e8fedcff06b081203-y9qcLsIIzeb1DBcLiITfxcDk0Is%3D&to=14&size=4294967296&sta_dx=4294967296&sta_cs=0&sta_ft=&sta_ct=1&sta_mt=1&fm2=MH%2CXian%2CAnywhere%2C%2Cshandong%2Cother&ctime=1620637727&mtime=1620637727&resv0=-1&resv1=0&resv2=rlim&resv3=5&resv4=4294967296&vuk=1143289558&iv=2&htype=&randtype=&tkbind_id=0&newver=1&newfm=1&secfm=1&flow_ver=3&pkey=en-a44c7e91f09f65ba50abb9afbc3ece331e8986e06893384f1e4341a6e27289db2cc7ff66c9131b66&expires=8h&rt=pr&r=526734781&mlogid=3060851685305565319&vbdid=-&fin=bacb5269-5353-4bbb-823e-286175e636f400&bflag=14,19-14&rtype=1&devuid=O%7C5C56C33B6CAE81F5266DEA0DFA8FE88D&dp-logid=3060851685305565319&dp-callid=0.1.1&tsl=0&csl=0&fsl=-1&csign=hzc378eeG%2FFt%2BDI%2FLUhYMueCehQ%3D&so=1&ut=1&uter=1&serv=0&uc=566704430&ti=12146e4ffd7df3c9847289d5e16185076f14409b939d800f&hflag=30&from_type=1&adg=c_5c56c33b6cae81f5266dea0dfa8fe88d&reqlabel=250528_l_7823d635616475ed42ebd2cbf68f0521_-1_0df90b38739eef139efa8c74751d3805&ibp=1&by=themis     
  1  https://allall02.baidupcs.com/file/ad2896e50i643e3a2baee9d274cf9742?bkt=en-cf7b18a7c51d9078226c3dea28c03717063375cb5888545ba226988ccb8c13e1f0e50db5d169ac89&fid=1143289558-250528-358540491795825&time=1620832961&sign=FDTAXUbGERQlBHSKfWaqi-DCb740ccc5511e5e8fedcff06b081203-rfqIfV%2BfsLWtEg0n7U1jtbcyJAo%3D&to=19&size=4294967296&sta_dx=4294967296&sta_cs=0&sta_ft=&sta_ct=1&sta_mt=1&fm2=MH%2CXian%2CAnywhere%2C%2Cshandong%2Cother&ctime=1620637727&mtime=1620637727&resv0=-1&resv1=0&resv2=rlim&resv3=5&resv4=4294967296&vuk=1143289558&iv=2&htype=&randtype=&tkbind_id=0&newver=1&newfm=1&secfm=1&flow_ver=3&pkey=en-a44c7e91f09f65ba50abb9afbc3ece331e8986e06893384f1e4341a6e27289db2cc7ff66c9131b66&expires=8h&rt=pr&r=297530417&mlogid=3060851685305565319&vbdid=-&fin=bacb5269-5353-4bbb-823e-286175e636f400&bflag=14,19-19&rtype=1&devuid=O%7C5C56C33B6CAE81F5266DEA0DFA8FE88D&dp-logid=3060851685305565319&dp-callid=0.1.1&tsl=0&csl=0&fsl=-1&csign=hzc378eeG%2FFt%2BDI%2FLUhYMueCehQ%3D&so=1&ut=1&uter=1&serv=0&uc=566704430&ti=12146e4ffd7df3c9847289d5e16185076f14409b939d800f&hflag=30&from_type=1&adg=c_5c56c33b6cae81f5266dea0dfa8fe88d&reqlabel=250528_l_7823d635616475ed42ebd2cbf68f0521_-1_0df90b38739eef139efa8c74751d3805&ibp=1&by=themis  

提示: 访问下载链接, 需将下载器的 User-Agent 设置为: netdisk;2.2.51.6;netdisk;10.0.63;PC;android-android

[Read] uuid:bacb5269-5353-4bbb-823e-286175e636f4 offset:58 size:8191
[Read] uuid:bacb5269-5353-4bbb-823e-286175e636f4 offset:221674100421 size:8191
[0] /kila/kila/bacb5269-5353-4bbb-823e-286175e636f451: 
  #                                                                                                                                                                                                                                                                                                                                                                                                                                                                                                                                                                                                                                   链接                                                                                                                                                                                                                                                                                                                                                                                                                                                                                                                                                                                                                                   
  0  https://bjbgp01.baidupcs.com/file/02514c487ucdec38134151e0f685955a?bkt=en-06f5c65000af0ed6685286efd4bbd4c9c25f57822aacdfa447843e39e78de215a7a62653474e1943&fid=1143289558-250528-592651117635224&time=1620832963&sign=FDTAXUbGERQlBHSKfWaqi-DCb740ccc5511e5e8fedcff06b081203-HWtMdg8hzh1jV5upba7CbHrg%2Fwk%3D&to=14&size=4294967296&sta_dx=4294967296&sta_cs=0&sta_ft=&sta_ct=1&sta_mt=1&fm2=MH%2CXian%2CAnywhere%2C%2Cshandong%2Cother&ctime=1620670218&mtime=1620670218&resv0=-1&resv1=0&resv2=rlim&resv3=5&resv4=4294967296&vuk=1143289558&iv=2&htype=&randtype=&tkbind_id=0&newver=1&newfm=1&secfm=1&flow_ver=3&pkey=en-82f26a752067f2d40ab4c651a020e93eb7ba4ad19944015b9044bf9e1cccf87ffc9c24bdeff747d0&expires=8h&rt=pr&r=347307515&mlogid=3060852151859966990&vbdid=-&fin=bacb5269-5353-4bbb-823e-286175e636f451&bflag=14,19-14&rtype=1&devuid=O%7C5C56C33B6CAE81F5266DEA0DFA8FE88D&dp-logid=3060852151859966990&dp-callid=0.1.1&tsl=0&csl=0&fsl=-1&csign=hzc378eeG%2FFt%2BDI%2FLUhYMueCehQ%3D&so=1&ut=1&uter=1&serv=0&uc=566704430&ti=39965399e74cce845911b8f441dc952667dfceda75993ad7&hflag=30&from_type=1&adg=c_5c56c33b6cae81f5266dea0dfa8fe88d&reqlabel=250528_l_7823d635616475ed42ebd2cbf68f0521_-1_0df90b38739eef139efa8c74751d3805&ibp=1&by=themis       
  1  https://allall02.baidupcs.com/file/02514c487ucdec38134151e0f685955a?bkt=en-06f5c65000af0ed6685286efd4bbd4c9c25f57822aacdfa447843e39e78de215a7a62653474e1943&fid=1143289558-250528-592651117635224&time=1620832963&sign=FDTAXUbGERQlBHSKfWaqi-DCb740ccc5511e5e8fedcff06b081203-0o3dVD%2F%2BcM344bXbD7U%2Bb7KTJWs%3D&to=19&size=4294967296&sta_dx=4294967296&sta_cs=0&sta_ft=&sta_ct=1&sta_mt=1&fm2=MH%2CXian%2CAnywhere%2C%2Cshandong%2Cother&ctime=1620670218&mtime=1620670218&resv0=-1&resv1=0&resv2=rlim&resv3=5&resv4=4294967296&vuk=1143289558&iv=2&htype=&randtype=&tkbind_id=0&newver=1&newfm=1&secfm=1&flow_ver=3&pkey=en-82f26a752067f2d40ab4c651a020e93eb7ba4ad19944015b9044bf9e1cccf87ffc9c24bdeff747d0&expires=8h&rt=pr&r=714000691&mlogid=3060852151859966990&vbdid=-&fin=bacb5269-5353-4bbb-823e-286175e636f451&bflag=14,19-19&rtype=1&devuid=O%7C5C56C33B6CAE81F5266DEA0DFA8FE88D&dp-logid=3060852151859966990&dp-callid=0.1.1&tsl=0&csl=0&fsl=-1&csign=hzc378eeG%2FFt%2BDI%2FLUhYMueCehQ%3D&so=1&ut=1&uter=1&serv=0&uc=566704430&ti=39965399e74cce845911b8f441dc952667dfceda75993ad7&hflag=30&from_type=1&adg=c_5c56c33b6cae81f5266dea0dfa8fe88d&reqlabel=250528_l_7823d635616475ed42ebd2cbf68f0521_-1_0df90b38739eef139efa8c74751d3805&ibp=1&by=themis  

提示: 访问下载链接, 需将下载器的 User-Agent 设置为: netdisk;2.2.51.6;netdisk;10.0.63;PC;android-android

[Read] uuid:bacb5269-5353-4bbb-823e-286175e636f4 offset:0 size:50240
[Read] uuid:bacb5269-5353-4bbb-823e-286175e636f4 offset:50240 size:15296
[Read] uuid:bacb5269-5353-4bbb-823e-286175e636f4 offset:65536 size:32768
[Read] uuid:bacb5269-5353-4bbb-823e-286175e636f4 offset:98304 size:32768
[Read] uuid:bacb5269-5353-4bbb-823e-286175e636f4 offset:131072 size:32768
[Read] uuid:bacb5269-5353-4bbb-823e-286175e636f4 offset:163840 size:32768
[Read] uuid:bacb5269-5353-4bbb-823e-286175e636f4 offset:196608 size:32768
[Read] uuid:bacb5269-5353-4bbb-823e-286175e636f4 offset:229376 size:32768
[Read] uuid:bacb5269-5353-4bbb-823e-286175e636f4 offset:262144 size:32768
[Read] uuid:bacb5269-5353-4bbb-823e-286175e636f4 offset:294912 size:32768
[Read] uuid:bacb5269-5353-4bbb-823e-286175e636f4 offset:327680 size:32768
[Read] uuid:bacb5269-5353-4bbb-823e-286175e636f4 offset:360448 size:32768
[Read] uuid:bacb5269-5353-4bbb-823e-286175e636f4 offset:393216 size:32768
[Read] uuid:bacb5269-5353-4bbb-823e-286175e636f4 offset:425984 size:32768
[Read] uuid:bacb5269-5353-4bbb-823e-286175e636f4 offset:458752 size:32768
[Read] uuid:bacb5269-5353-4bbb-823e-286175e636f4 offset:491520 size:32768
[Read] uuid:bacb5269-5353-4bbb-823e-286175e636f4 offset:524288 size:32768
[Read] uuid:bacb5269-5353-4bbb-823e-286175e636f4 offset:557056 size:32768
[Read] uuid:bacb5269-5353-4bbb-823e-286175e636f4 offset:589824 size:32768
[Read] uuid:bacb5269-5353-4bbb-823e-286175e636f4 offset:622592 size:32768
[Read] uuid:bacb5269-5353-4bbb-823e-286175e636f4 offset:655360 size:32768
[Read] uuid:bacb5269-5353-4bbb-823e-286175e636f4 offset:688128 size:32768
[Read] uuid:bacb5269-5353-4bbb-823e-286175e636f4 offset:720896 size:32768
[Read] uuid:bacb5269-5353-4bbb-823e-286175e636f4 offset:753664 size:32768
[Read] uuid:bacb5269-5353-4bbb-823e-286175e636f4 offset:786432 size:32768
[Read] uuid:bacb5269-5353-4bbb-823e-286175e636f4 offset:819200 size:32768
[Read] uuid:bacb5269-5353-4bbb-823e-286175e636f4 offset:851968 size:32768
[Read] uuid:bacb5269-5353-4bbb-823e-286175e636f4 offset:884736 size:32768
[Read] uuid:bacb5269-5353-4bbb-823e-286175e636f4 offset:917504 size:32768
[Read] uuid:bacb5269-5353-4bbb-823e-286175e636f4 offset:950272 size:32768
Close
